Touch /Users/bitrise/Library/Developer/Xcode/DerivedData/BitriseXcode7Sample-adkzkiqwlfliqgcggdmlvbmsomkl/Build/Products/Debug-iphonesimulator/BitriseXcode7SampleTests.xctest
    cd /Users/bitrise/git
    export PATH="/Applications/Xcodes/Xcode-beta.app/Contents/Developer/Platforms/iPhoneSimulator.platform/Developer/usr/bin:/Applications/Xcodes/Xcode-beta.app/Contents/Developer/usr/bin:/Users/bitrise/.rvm/gems/ruby-2.1.5/bin:/Users/bitrise/.rvm/gems/ruby-2.1.5@global/bin:/Users/bitrise/.rvm/rubies/ruby-2.1.5/bin:/usr/local/bin:/usr/local/sbin:~/bin:/usr/local/bin:/usr/bin:/bin:/usr/sbin:/sbin:/usr/local/opt/go/libexec/bin:/Users/bitrise/go/bin:/Users/bitrise/bitrise/tools/cmd-bridge/bin/osx:/Users/bitrise/.rvm/bin:/Users/bitrise/.rvm/bin"
    /usr/bin/touch -c /Users/bitrise/Library/Developer/Xcode/DerivedData/BitriseXcode7Sample-adkzkiqwlfliqgcggdmlvbmsomkl/Build/Products/Debug-iphonesimulator/BitriseXcode7SampleTests.xctest
2015-09-17 11:13:25.763 xcodebuild[915:4476] [MT] IDETestOperationsObserverDebug: (3C2D1A34-8263-40C0-9B3C-2CE4A642260A) Beginning test session with Xcode 7A192o on target  {
    SimDevice: SimDevice : iPhone 6 (058C71C4-46CB-4878-930E-6A0E8707B917) : state={ Booted } deviceType={ SimDeviceType : com.apple.CoreSimulator.SimDeviceType.iPhone-6 } runtime={ SimRuntime : 9.0 (13A4325c) - com.apple.CoreSimulator.SimRuntime.iOS-9-0 }
} (9.0 (13A4325c))
** TEST FAILED **
Test Suite 'All tests' started at 2015-09-17 11:13:09.627
Test Suite 'BitriseXcode7SampleTests.xctest' started at 2015-09-17 11:13:09.642
Test Suite 'BitriseXcode7SampleTests' started at 2015-09-17 11:13:09.644
Test Case '-[BitriseXcode7SampleTests.BitriseXcode7SampleTests testExample]' started.
Test Case '-[BitriseXcode7SampleTests.BitriseXcode7SampleTests testExample]' passed (0.005 seconds).
Test Case '-[BitriseXcode7SampleTests.BitriseXcode7SampleTests testPerformanceExample]' started.
/Users/bitrise/git/BitriseXcode7SampleTests/BitriseXcode7SampleTests.swift:33: Test Case '-[BitriseXcode7SampleTests.BitriseXcode7SampleTests testPerformanceExample]' measured [Time, seconds] average: 0.000, relative standard deviation: 192.944%, values: [0.000009, 0.000001, 0.000000, 0.000000, 0.000000, 0.000000, 0.000000, 0.000000, 0.000000, 0.000000], performanceMetricID:com.apple.XCTPerformanceMetric_WallClockTime, baselineName: "", baselineAverage: , maxPercentRegression: 10.000%, maxPercentRelativeStandardDeviation: 10.000%, maxRegression: 0.100, maxStandardDeviation: 0.100
Test Case '-[BitriseXcode7SampleTests.BitriseXcode7SampleTests testPerformanceExample]' passed (0.449 seconds).
Test Suite 'BitriseXcode7SampleTests' passed at 2015-09-17 11:13:10.104.
   Executed 2 tests, with 0 failures (0 unexpected) in 0.454 (0.460) seconds
Test Suite 'BitriseXcode7SampleTests.xctest' passed at 2015-09-17 11:13:10.105.
   Executed 2 tests, with 0 failures (0 unexpected) in 0.454 (0.463) seconds
Test Suite 'All tests' passed at 2015-09-17 11:13:10.106.
   Executed 2 tests, with 0 failures (0 unexpected) in 0.454 (0.479) seconds
2015-09-17 11:13:12.966 XCTRunner[1069:5910] Running tests...
2015-09-17 11:13:12.969 XCTRunner[1069:5910] Looking for test bundles in /Users/bitrise/Library/Developer/CoreSimulator/Devices/058C71C4-46CB-4878-930E-6A0E8707B917/data/Containers/Bundle/Application/8A14E1E4-C25E-410E-99E9-2202FFF0BC38/BitriseXcode7SampleUITests-Runner.app/PlugIns
2015-09-17 11:13:12.981 XCTRunner[1069:5910] Found test bundle at /Users/bitrise/Library/Developer/CoreSimulator/Devices/058C71C4-46CB-4878-930E-6A0E8707B917/data/Containers/Bundle/Application/8A14E1E4-C25E-410E-99E9-2202FFF0BC38/BitriseXcode7SampleUITests-Runner.app/PlugIns/BitriseXcode7SampleUITests.xctest
2015-09-17 11:13:12.984 XCTRunner[1069:5910] Looking for configurations in /Users/bitrise/Library/Developer/CoreSimulator/Devices/058C71C4-46CB-4878-930E-6A0E8707B917/data/Containers/Bundle/Application/8A14E1E4-C25E-410E-99E9-2202FFF0BC38/BitriseXcode7SampleUITests-Runner.app/PlugIns/BitriseXcode7SampleUITests.xctest
2015-09-17 11:13:12.989 XCTRunner[1069:5910] Found configuration
                    testBundleURL:file:///Users/bitrise/Library/Developer/Xcode/DerivedData/BitriseXcode7Sample-adkzkiqwlfliqgcggdmlvbmsomkl/Build/Products/Debug-iphonesimulator/BitriseXcode7SampleUITests-Runner.app/PlugIns/BitriseXcode7SampleUITests.xctest
                productModuleName:BitriseXcode7SampleUITests
                      testsToSkip:(null)
                       testsToRun:(null)
               reportResultsToIDE:YES
                sessionIdentifier:<__NSConcreteUUID 0x7fa411c26ea0> 8DFCCDA0-11F5-4F42-82AE-3664F28C3A3F
       pathToXcodeReportingSocket:(null)
        disablePerformanceMetrics:no
  treatMissingBaselinesAsFailures:no
                  baselineFileURL:(null)
            targetApplicationPath:/Users/bitrise/Library/Developer/Xcode/DerivedData/BitriseXcode7Sample-adkzkiqwlfliqgcggdmlvbmsomkl/Build/Products/Debug-iphonesimulator/BitriseXcode7Sample.app
        targetApplicationBundleID:com.bitrise.BitriseXcode7Sample
                 reportActivities:no
Test Suite 'All tests' started at 2015-09-17 11:13:13.399
Test Suite 'BitriseXcode7SampleUITests.xctest' started at 2015-09-17 11:13:13.401
Test Suite 'BitriseXcode7SampleUITests' started at 2015-09-17 11:13:13.402
Test Case '-[BitriseXcode7SampleUITests.BitriseXcode7SampleUITests testAddAnItemGoToDetailsThenDeleteIt]' started.
    t =     0.00s     Start Test
    t =     0.00s     Set Up
    t =     0.02s         Launch com.bitrise.BitriseXcode7Sample
    t =     2.57s             Assertion Failure: UI Testing Failure - Failed to receive completion for
/Users/bitrise/git/BitriseXcode7SampleUITests/BitriseXcode7SampleUITests.swift:21: error: -[BitriseXcode7SampleUITests.BitriseXcode7SampleUITests testAddAnItemGoToDetailsThenDeleteIt] : UI Testing Failure - Failed to receive completion for
2015-09-17 11:13:16.007 XCTRunner[1069:5910] *** Terminating app due to uncaught exception '_XCTestCaseInterruptionException', reason: 'Interrupting test'
*** First throw call stack:
(
  0   CoreFoundation                      0x000000010740c9b5 __exceptionPreprocess + 165
  1   libobjc.A.dylib                     0x0000000106e84deb objc_exception_throw + 48
  2   CoreFoundation                      0x000000010740c8ed +[NSException raise:format:] + 205
  3   XCTest                              0x00000001069478b9 -[XCTestCase _dequeueFailures] + 560
  4   XCTest                              0x0000000106947b95 -[XCTestCase _enqueueFailureWithDescription:inFile:atLine:expected:] + 576
  5   XCTest                              0x000000010694f340 _XCTFailureHandler + 1112
  6   XCTest                              0x0000000106946d39 _XCTFailInCurrentTest + 512
  7   XCTest                              0x0000000106964663 -[XCUIDevice _dispatchEventWithPage:usage:duration:] + 790
  8   XCTest                              0x00000001069557f8 -[XCAXClient_iOS init] + 153
  9   XCTest                              0x0000000106955756 __30+[XCAXClient_iOS sharedClient]_block_invoke + 24
  10  libdispatch.dylib                   0x00000001096464c7 _dispatch_client_callout + 8
  11  libdispatch.dylib                   0x0000000109633d2f dispatch_once_f + 76
  12  XCTest                              0x000000010695573c +[XCAXClient_iOS sharedClient] + 42
  13  XCTest                              0x0000000106965be6 __37-[XCUIApplication _launchUsingXcode:]_block_invoke + 50
  14  XCTest                              0x000000010694b443 -[XCTestCase startActivityWithTitle:block:] + 305
  15  XCTest                              0x0000000106965ba5 -[XCUIApplication _launchUsingXcode:] + 309
  16  BitriseXcode7SampleUITests          0x0000000112bf7dd9 _TFC26BitriseXcode7SampleUITests26BitriseXcode7SampleUITests5setUpfS0_FT_T_ + 153
  17  BitriseXcode7SampleUITests          0x0000000112bf7e62 _TToFC26BitriseXcode7SampleUITests26BitriseXcode7SampleUITests5setUpfS0_FT_T_ + 34
  18  XCTest                              0x000000010694b443 -[XCTestCase startActivityWithTitle:block:] + 305
  19  XCTest                              0x0000000106947def __24-[XCTestCase invokeTest]_block_invoke_2 + 118
  20  XCTest                              0x00000001069774a0 -[XCTestContext performInScope:] + 184
  21  XCTest                              0x0000000106947d68 -[XCTestCase invokeTest] + 169
  22  XCTest                              0x0000000106948203 -[XCTestCase performTest:] + 443
  23  XCTest                              0x0000000106945ec9 -[XCTestSuite performTest:] + 377
  24  XCTest                              0x0000000106945ec9 -[XCTestSuite performTest:] + 377
  25  XCTest                              0x0000000106945ec9 -[XCTestSuite performTest:] + 377
  26  XCTest                              0x00000001069336d2 __25-[XCTestDriver _runSuite]_block_invoke + 51
  27  XCTest                              0x00000001069538db -[XCTestObservationCenter _observeTestExecutionForBlock:] + 615
  28  XCTest                              0x000000010693361e -[XCTestDriver _runSuite] + 408
  29  XCTest                              0x000000010693437d -[XCTestDriver _checkForTestManager] + 263
  30  XCTest                              0x0000000106978801 _XCTestMain + 628
  31  libdispatch.dylib                   0x000000010962aea9 _dispatch_call_block_and_release + 12
  32  libdispatch.dylib                   0x00000001096464c7 _dispatch_client_callout + 8
  33  libdispatch.dylib                   0x000000010963107d _dispatch_main_queue_callback_4CF + 714
  34  CoreFoundation                      0x000000010736ce69 __CFRUNLOOP_IS_SERVICING_THE_MAIN_DISPATCH_QUEUE__ + 9
  35  CoreFoundation                      0x000000010732e3b9 __CFRunLoopRun + 2073
  36  CoreFoundation                      0x000000010732d918 CFRunLoopRunSpecific + 488
  37  GraphicsServices                    0x0000000108e70ad2 GSEventRunModal + 161
  38  UIKit                               0x00000001077ba99e UIApplicationMain + 171
  39  XCTRunner                           0x00000001068be6bf XCTRunner + 5823
  40  libdyld.dylib                       0x000000010967692d start + 1
  41  ???                                 0x0000000000000005 0x0 + 5
)
libc++abi.dylib: terminating with uncaught exception of type _XCTestCaseInterruptionException
2015-09-17 11:13:28.121 XCTRunner[1074:6376] Running tests...
2015-09-17 11:13:28.124 XCTRunner[1074:6376] Looking for test bundles in /Users/bitrise/Library/Developer/CoreSimulator/Devices/058C71C4-46CB-4878-930E-6A0E8707B917/data/Containers/Bundle/Application/F66EFE75-B030-4E18-B370-F0A304CAA31B/BitriseXcode7SampleUITests-Runner.app/PlugIns
2015-09-17 11:13:28.125 XCTRunner[1074:6376] Found test bundle at /Users/bitrise/Library/Developer/CoreSimulator/Devices/058C71C4-46CB-4878-930E-6A0E8707B917/data/Containers/Bundle/Application/F66EFE75-B030-4E18-B370-F0A304CAA31B/BitriseXcode7SampleUITests-Runner.app/PlugIns/BitriseXcode7SampleUITests.xctest
2015-09-17 11:13:28.126 XCTRunner[1074:6376] Looking for configurations in /Users/bitrise/Library/Developer/CoreSimulator/Devices/058C71C4-46CB-4878-930E-6A0E8707B917/data/Containers/Bundle/Application/F66EFE75-B030-4E18-B370-F0A304CAA31B/BitriseXcode7SampleUITests-Runner.app/PlugIns/BitriseXcode7SampleUITests.xctest
2015-09-17 11:13:28.128 XCTRunner[1074:6376] Found configuration
                    testBundleURL:file:///Users/bitrise/Library/Developer/Xcode/DerivedData/BitriseXcode7Sample-adkzkiqwlfliqgcggdmlvbmsomkl/Build/Products/Debug-iphonesimulator/BitriseXcode7SampleUITests-Runner.app/PlugIns/BitriseXcode7SampleUITests.xctest/
                productModuleName:BitriseXcode7SampleUITests
                      testsToSkip:BitriseXcode7SampleUITests/testAddAnItemGoToDetailsThenDeleteIt()
                       testsToRun:(null)
               reportResultsToIDE:YES
                sessionIdentifier:<__NSConcreteUUID 0x7fece159f3b0> 3C2D1A34-8263-40C0-9B3C-2CE4A642260A
       pathToXcodeReportingSocket:(null)
        disablePerformanceMetrics:no
  treatMissingBaselinesAsFailures:no
                  baselineFileURL:(null)
            targetApplicationPath:/Users/bitrise/Library/Developer/Xcode/DerivedData/BitriseXcode7Sample-adkzkiqwlfliqgcggdmlvbmsomkl/Build/Products/Debug-iphonesimulator/BitriseXcode7Sample.app
        targetApplicationBundleID:com.bitrise.BitriseXcode7Sample
                 reportActivities:no
Test Suite 'Selected tests' started at 2015-09-17 11:13:28.526
Test Suite 'BitriseXcode7SampleUITests.xctest' started at 2015-09-17 11:13:28.532
Test Suite 'BitriseXcode7SampleUITests.xctest' passed at 2015-09-17 11:13:28.535.
   Executed 0 tests, with 0 failures (0 unexpected) in 0.000 (0.003) seconds
